<?xml version="1.0" encoding="UTF-8"?>
<!-- Generated by org.testng.reporters.JUnitXMLReporter -->
<testsuite ignored="11" hostname="FANTA" failures="1" tests="1" name="Default test" time="14.546" errors="0" timestamp="2023-06-02T13:10:50 IST">
  <testcase classname="com.indiaKababReno.tests.WebsiteBugTests" name="testMenuNavigation" time="0.167">
    <failure type="java.lang.AssertionError" message="Incorrect menu content for Menu Tab 1 expected [true] but found [false]">
      <![CDATA[java.lang.AssertionError: Incorrect menu content for Menu Tab 1 expected [true] but found [false]
at org.testng.Assert.fail(Assert.java:99)
at org.testng.Assert.failNotEquals(Assert.java:1037)
at org.testng.Assert.assertTrue(Assert.java:45)
at com.indiaKababReno.tests.WebsiteBugTests.testMenuNavigation(WebsiteBugTests.java:256)
at java.base/jdk.internal.reflect.NativeMethodAccessorImpl.invoke0(Native Method)
at java.base/jdk.internal.reflect.NativeMethodAccessorImpl.invoke(NativeMethodAccessorImpl.java:77)
at java.base/jdk.internal.reflect.DelegatingMethodAccessorImpl.invoke(DelegatingMethodAccessorImpl.java:43)
at java.base/java.lang.reflect.Method.invoke(Method.java:568)
at org.testng.internal.MethodInvocationHelper.invokeMethod(MethodInvocationHelper.java:133)
at org.testng.internal.TestInvoker.invokeMethod(TestInvoker.java:598)
at org.testng.internal.TestInvoker.invokeTestMethod(TestInvoker.java:173)
at org.testng.internal.MethodRunner.runInSequence(MethodRunner.java:46)
at org.testng.internal.TestInvoker$MethodInvocationAgent.invoke(TestInvoker.java:824)
at org.testng.internal.TestInvoker.invokeTestMethods(TestInvoker.java:146)
at org.testng.internal.TestMethodWorker.invokeTestMethods(TestMethodWorker.java:146)
at org.testng.internal.TestMethodWorker.run(TestMethodWorker.java:128)
at java.base/java.util.ArrayList.forEach(ArrayList.java:1511)
at org.testng.TestRunner.privateRun(TestRunner.java:794)
at org.testng.TestRunner.run(TestRunner.java:596)
at org.testng.SuiteRunner.runTest(SuiteRunner.java:377)
at org.testng.SuiteRunner.runSequentially(SuiteRunner.java:371)
at org.testng.SuiteRunner.privateRun(SuiteRunner.java:332)
at org.testng.SuiteRunner.run(SuiteRunner.java:276)
at org.testng.SuiteRunnerWorker.runSuite(SuiteRunnerWorker.java:53)
at org.testng.SuiteRunnerWorker.run(SuiteRunnerWorker.java:96)
at org.testng.TestNG.runSuitesSequentially(TestNG.java:1212)
at org.testng.TestNG.runSuitesLocally(TestNG.java:1134)
at org.testng.TestNG.runSuites(TestNG.java:1063)
at org.testng.TestNG.run(TestNG.java:1031)
at org.testng.remote.AbstractRemoteTestNG.run(AbstractRemoteTestNG.java:115)
at org.testng.remote.RemoteTestNG.initAndRun(RemoteTestNG.java:251)
at org.testng.remote.RemoteTestNG.main(RemoteTestNG.java:77)
]]>
    </failure>
  </testcase> <!-- testMenuNavigation -->
  <testcase classname="com.indiaKababReno.tests.WebsiteBugTests" name="testEmptyCartMessage" time="0.0">
    <ignored/>
  </testcase> <!-- testEmptyCartMessage -->
  <testcase classname="com.indiaKababReno.tests.WebsiteBugTests" name="testLoginLink" time="0.0">
    <ignored/>
  </testcase> <!-- testLoginLink -->
  <testcase classname="com.indiaKababReno.tests.WebsiteBugTests" name="verifyTestimonialBoxes" time="0.0">
    <ignored/>
  </testcase> <!-- verifyTestimonialBoxes -->
  <testcase classname="com.indiaKababReno.tests.WebsiteBugTests" name="testContactNumberLink" time="0.0">
    <ignored/>
  </testcase> <!-- testContactNumberLink -->
  <testcase classname="com.indiaKababReno.tests.WebsiteBugTests" name="testBrokenImage" time="0.0">
    <ignored/>
  </testcase> <!-- testBrokenImage -->
  <testcase classname="com.indiaKababReno.tests.WebsiteBugTests" name="verifyTestimonialSectionDisplayed" time="0.0">
    <ignored/>
  </testcase> <!-- verifyTestimonialSectionDisplayed -->
  <testcase classname="com.indiaKababReno.tests.WebsiteBugTests" name="verifyTestimonialHeading" time="0.0">
    <ignored/>
  </testcase> <!-- verifyTestimonialHeading -->
  <testcase classname="com.indiaKababReno.tests.WebsiteBugTests" name="validateGalleryImages" time="0.0">
    <ignored/>
  </testcase> <!-- validateGalleryImages -->
  <testcase classname="com.indiaKababReno.tests.WebsiteBugTests" name="testSocialMediaLinks" time="0.0">
    <ignored/>
  </testcase> <!-- testSocialMediaLinks -->
  <testcase classname="com.indiaKababReno.tests.WebsiteBugTests" name="testLogoImage" time="0.0">
    <ignored/>
  </testcase> <!-- testLogoImage -->
  <testcase classname="com.indiaKababReno.tests.WebsiteBugTests" name="testBookTableForm" time="0.0">
    <ignored/>
  </testcase> <!-- testBookTableForm -->
</testsuite> <!-- Default test -->
