<!DOCTYPE html PUBLIC "-//W3C//DTD XHTML 1.1//EN" "https://www.w3.org/TR/xhtml11/DTD/xhtml11.dtd">
<html xmlns="https://www.w3.org/1999/xhtml">
<head>
<meta http-equiv="content-type" content="text/html; charset=UTF-8"/>
<title>TestNG Report</title>
<style type="text/css">table {margin-bottom:10px;border-collapse:collapse;empty-cells:show}th,td {border:1px solid #009;padding:.25em .5em}th {vertical-align:bottom}td {vertical-align:top}table a {font-weight:bold}.stripe td {background-color: #E6EBF9}.num {text-align:right}.passedodd td {background-color: #3F3}.passedeven td {background-color: #0A0}.skippedodd td {background-color: #DDD}.skippedeven td {background-color: #CCC}.failedodd td,.attn {background-color: #F33}.failedeven td,.stripe .attn {background-color: #D00}.stacktrace {white-space:pre;font-family:monospace}.totop {font-size:85%;text-align:center;border-bottom:2px solid #000}.invisible {display:none}</style>
</head>
<body>
<table>
<tr><th>Test</th><th># Passed</th><th># Skipped</th><th># Retried</th><th># Failed</th><th>Time (ms)</th><th>Included Groups</th><th>Excluded Groups</th></tr>
<tr><th colspan="8">India Kabab Reno </th></tr>
<tr><td><a href="#t0">Functionality Testing</a></td><td class="num">19</td><td class="num">0</td><td class="num">0</td><td class="num attn">14</td><td class="num">117,757</td><td></td><td></td></tr>
</table>
<table id='summary'><thead><tr><th>Class</th><th>Method</th><th>Start</th><th>Time (ms)</th></tr></thead><tbody><tr><th colspan="4">India Kabab Reno </th></tr></tbody><tbody id="t0"><tr><th colspan="4">Functionality Testing &#8212; failed (configuration methods)</th></tr><tr class="failedeven"><td rowspan="1">com.indiaKababReno.tests.homePageTest</td><td><a href="#m0">tearDown</a></td><td rowspan="1">1685701560127</td><td rowspan="1">-1685701560127</td></tr><tr class="failedodd"><td rowspan="1">com.indiaKababReno.tests.menuPageTest</td><td><a href="#m1">tearDown</a></td><td rowspan="1">1685701490140</td><td rowspan="1">-1685701490140</td></tr><tr class="failedeven"><td rowspan="1">com.indiaKababReno.tests.paymentTest</td><td><a href="#m2">tearDown</a></td><td rowspan="1">1685701507634</td><td rowspan="1">-1685701507634</td></tr><tr class="failedodd"><td rowspan="1">com.indiaKababReno.tests.registrationPageTest</td><td><a href="#m3">tearDown</a></td><td rowspan="1">1685701538048</td><td rowspan="1">-1685701538048</td></tr><tr class="failedeven"><td rowspan="1">com.indiaKababReno.tests.sanityLinkTests</td><td><a href="#m4">tearDown</a></td><td rowspan="1">1685701568719</td><td rowspan="1">-1685701568719</td></tr><tr><th colspan="4">Functionality Testing &#8212; failed</th></tr><tr class="failedeven"><td rowspan="1">com.indiaKababReno.tests.WebsiteBugTests</td><td><a href="#m5">testMenuNavigation</a></td><td rowspan="1">1685701514955</td><td rowspan="1">179</td></tr><tr class="failedodd"><td rowspan="3">com.indiaKababReno.tests.paymentTest</td><td><a href="#m6">verifyPaymentMethod</a></td><td rowspan="3">1685701500632</td><td rowspan="3">2335</td></tr><tr class="failedodd"><td><a href="#m7">verifyPaymentMethod</a></td></tr><tr class="failedodd"><td><a href="#m8">verifyPaymentMethod</a></td></tr><tr class="failedeven"><td rowspan="9">com.indiaKababReno.tests.registrationPageTest</td><td><a href="#m9">verifyRegistrationPage</a></td><td rowspan="9">1685701532620</td><td rowspan="9">408</td></tr><tr class="failedeven"><td><a href="#m10">verifyRegistrationPage</a></td></tr><tr class="failedeven"><td><a href="#m11">verifyRegistrationPage</a></td></tr><tr class="failedeven"><td><a href="#m12">verifyRegistrationPage</a></td></tr><tr class="failedeven"><td><a href="#m13">verifyRegistrationPage</a></td></tr><tr class="failedeven"><td><a href="#m14">verifyRegistrationPage</a></td></tr><tr class="failedeven"><td><a href="#m15">verifyRegistrationPage</a></td></tr><tr class="failedeven"><td><a href="#m16">verifyRegistrationPage</a></td></tr><tr class="failedeven"><td><a href="#m17">verifyRegistrationPage</a></td></tr><tr class="failedodd"><td rowspan="1">com.indiaKababReno.tests.sanityLinkTests</td><td><a href="#m18">testLinkValidation</a></td><td rowspan="1">1685701568644</td><td rowspan="1">37</td></tr><tr><th colspan="4">Functionality Testing &#8212; passed</th></tr><tr class="passedeven"><td rowspan="2">com.indiaKababReno.tests.homePageTest</td><td><a href="#m19">verifyHeaderIconsSection</a></td><td rowspan="1">1685701543684</td><td rowspan="1">122</td></tr><tr class="passedeven"><td><a href="#m20">verifySendButton</a></td><td rowspan="1">1685701545106</td><td rowspan="1">15020</td></tr><tr class="passedodd"><td rowspan="17">com.indiaKababReno.tests.menuPageTest</td><td><a href="#m21">veriFyProductSizeOfEachMenu</a></td><td rowspan="17">1685701474267</td><td rowspan="17">784</td></tr><tr class="passedodd"><td><a href="#m22">veriFyProductSizeOfEachMenu</a></td></tr><tr class="passedodd"><td><a href="#m23">veriFyProductSizeOfEachMenu</a></td></tr><tr class="passedodd"><td><a href="#m24">veriFyProductSizeOfEachMenu</a></td></tr><tr class="passedodd"><td><a href="#m25">veriFyProductSizeOfEachMenu</a></td></tr><tr class="passedodd"><td><a href="#m26">veriFyProductSizeOfEachMenu</a></td></tr><tr class="passedodd"><td><a href="#m27">veriFyProductSizeOfEachMenu</a></td></tr><tr class="passedodd"><td><a href="#m28">veriFyProductSizeOfEachMenu</a></td></tr><tr class="passedodd"><td><a href="#m29">veriFyProductSizeOfEachMenu</a></td></tr><tr class="passedodd"><td><a href="#m30">veriFyProductSizeOfEachMenu</a></td></tr><tr class="passedodd"><td><a href="#m31">veriFyProductSizeOfEachMenu</a></td></tr><tr class="passedodd"><td><a href="#m32">veriFyProductSizeOfEachMenu</a></td></tr><tr class="passedodd"><td><a href="#m33">veriFyProductSizeOfEachMenu</a></td></tr><tr class="passedodd"><td><a href="#m34">veriFyProductSizeOfEachMenu</a></td></tr><tr class="passedodd"><td><a href="#m35">veriFyProductSizeOfEachMenu</a></td></tr><tr class="passedodd"><td><a href="#m36">veriFyProductSizeOfEachMenu</a></td></tr><tr class="passedodd"><td><a href="#m37">veriFyProductSizeOfEachMenu</a></td></tr></tbody>
</table>
<h2>Functionality Testing</h2><h3 id="m0">com.indiaKababReno.tests.homePageTest#tearDown</h3><table class="result"><tr><th>Exception</th></tr><tr><td><div class="stacktrace">org.testng.TestNGException: 
Can inject only one of &lt;ITestContext, XmlTest&gt; into a @AfterClass annotated tearDown.
For more information on native dependency injection please refer to https://testng.org/doc/documentation-main.html#native-dependency-injection
	at java.base/java.util.ArrayList.forEach(ArrayList.java:1511)
... Removed 22 stack frames</div></td></tr></table><p class="totop"><a href="#summary">back to summary</a></p>
<h3 id="m1">com.indiaKababReno.tests.menuPageTest#tearDown</h3><table class="result"><tr><th>Exception</th></tr><tr><td><div class="stacktrace">org.testng.TestNGException: 
Can inject only one of &lt;ITestContext, XmlTest&gt; into a @AfterClass annotated tearDown.
For more information on native dependency injection please refer to https://testng.org/doc/documentation-main.html#native-dependency-injection
	at java.base/java.util.ArrayList.forEach(ArrayList.java:1511)
... Removed 22 stack frames</div></td></tr></table><p class="totop"><a href="#summary">back to summary</a></p>
<h3 id="m2">com.indiaKababReno.tests.paymentTest#tearDown</h3><table class="result"><tr><th>Exception</th></tr><tr><td><div class="stacktrace">org.testng.TestNGException: 
Can inject only one of &lt;ITestContext, XmlTest&gt; into a @AfterClass annotated tearDown.
For more information on native dependency injection please refer to https://testng.org/doc/documentation-main.html#native-dependency-injection
	at java.base/java.util.ArrayList.forEach(ArrayList.java:1511)
... Removed 22 stack frames</div></td></tr></table><p class="totop"><a href="#summary">back to summary</a></p>
<h3 id="m3">com.indiaKababReno.tests.registrationPageTest#tearDown</h3><table class="result"><tr><th>Exception</th></tr><tr><td><div class="stacktrace">org.testng.TestNGException: 
Can inject only one of &lt;ITestContext, XmlTest&gt; into a @AfterClass annotated tearDown.
For more information on native dependency injection please refer to https://testng.org/doc/documentation-main.html#native-dependency-injection
	at java.base/java.util.ArrayList.forEach(ArrayList.java:1511)
... Removed 22 stack frames</div></td></tr></table><p class="totop"><a href="#summary">back to summary</a></p>
<h3 id="m4">com.indiaKababReno.tests.sanityLinkTests#tearDown</h3><table class="result"><tr><th>Exception</th></tr><tr><td><div class="stacktrace">org.testng.TestNGException: 
Can inject only one of &lt;ITestContext, XmlTest&gt; into a @AfterClass annotated tearDown.
For more information on native dependency injection please refer to https://testng.org/doc/documentation-main.html#native-dependency-injection
	at java.base/java.util.ArrayList.forEach(ArrayList.java:1511)
... Removed 22 stack frames</div></td></tr></table><p class="totop"><a href="#summary">back to summary</a></p>
<h3 id="m5">com.indiaKababReno.tests.WebsiteBugTests#testMenuNavigation</h3><table class="result"><tr><th>Exception</th></tr><tr><td><div class="stacktrace">java.lang.AssertionError: Incorrect menu content for Menu Tab 1 expected [true] but found [false]
	at com.indiaKababReno.tests.WebsiteBugTests.testMenuNavigation(WebsiteBugTests.java:256)
	at java.base/java.util.ArrayList.forEach(ArrayList.java:1511)
... Removed 30 stack frames</div></td></tr></table><p class="totop"><a href="#summary">back to summary</a></p>
<h3 id="m6">com.indiaKababReno.tests.paymentTest#verifyPaymentMethod</h3><table class="result"><tr class="param"><th>Parameter #1</th><th>Parameter #2</th><th>Parameter #3</th><th>Parameter #4</th><th>Parameter #5</th><th>Parameter #6</th></tr><tr class="param stripe"><td>Jane Smith</td><td>janesmith@example.com</td><td>9876543210</td><td>5555555555554444</td><td>06/24</td><td>456</td></tr><tr><th colspan="6">Exception</th></tr><tr><td colspan="6"><div class="stacktrace">java.lang.AssertionError: expected [https://indiakababreno.com/payment] but found [https://indiakababreno.com/menu]
	at com.indiaKababReno.tests.paymentTest.verifyPaymentMethod(paymentTest.java:51)
	at java.base/java.util.ArrayList.forEach(ArrayList.java:1511)
... Removed 33 stack frames</div></td></tr></table><p class="totop"><a href="#summary">back to summary</a></p>
<h3 id="m7">com.indiaKababReno.tests.paymentTest#verifyPaymentMethod</h3><table class="result"><tr class="param"><th>Parameter #1</th><th>Parameter #2</th><th>Parameter #3</th><th>Parameter #4</th><th>Parameter #5</th><th>Parameter #6</th></tr><tr class="param stripe"><td>John Doe</td><td>johndoe@example.com</td><td>1234567890</td><td>4111111111111111</td><td>12/23</td><td>123</td></tr><tr><th colspan="6">Exception</th></tr><tr><td colspan="6"><div class="stacktrace">org.openqa.selenium.StaleElementReferenceException: stale element reference: stale element not found
  (Session info: chrome=114.0.5735.90)
For documentation on this error, please visit: https://selenium.dev/exceptions/#stale_element_reference
Build info: version: &apos;4.8.3&apos;, revision: &apos;e5e76298c3&apos;
System info: os.name: &apos;Windows 11&apos;, os.arch: &apos;amd64&apos;, os.version: &apos;10.0&apos;, java.version: &apos;17.0.5&apos;
Driver info: org.openqa.selenium.chrome.ChromeDriver
Command: [b195785bac761bf79df01a81133f79fe, clickElement {id=B9CC7CE5BD86848EDF986028FCB0CE76_element_94}]
Capabilities {acceptInsecureCerts: false, browserName: chrome, browserVersion: 114.0.5735.90, chrome: {chromedriverVersion: 114.0.5735.90 (386bc09e8f4f..., userDataDir: C:\Users\Admin\AppData\Loca...}, goog:chromeOptions: {debuggerAddress: localhost:62020}, networkConnectionEnabled: false, pageLoadStrategy: normal, platformName: WINDOWS, proxy: Proxy(), se:cdp: ws://localhost:62020/devtoo..., se:cdpVersion: 114.0.5735.90, setWindowRect: true, strictFileInteractability: false, timeouts: {implicit: 0, pageLoad: 300000, script: 30000}, unhandledPromptBehavior: dismiss and notify, webauthn:extension:credBlob: true, webauthn:extension:largeBlob: true, webauthn:extension:minPinLength: true, webauthn:extension:prf: true, webauthn:virtualAuthenticators: true}
Element: [[ChromeDriver: chrome on WINDOWS (b195785bac761bf79df01a81133f79fe)] -&gt; xpath: //div[@id=&apos;reloadme&apos;]//a[contains(text(),&apos;Proceed To CheckOut&apos;)]]
Session ID: b195785bac761bf79df01a81133f79fe
	at org.openqa.selenium.remote.codec.w3c.W3CHttpResponseCodec.createException(W3CHttpResponseCodec.java:200)
	at org.openqa.selenium.remote.codec.w3c.W3CHttpResponseCodec.decode(W3CHttpResponseCodec.java:133)
	at org.openqa.selenium.remote.codec.w3c.W3CHttpResponseCodec.decode(W3CHttpResponseCodec.java:53)
	at org.openqa.selenium.remote.HttpCommandExecutor.execute(HttpCommandExecutor.java:193)
	at org.openqa.selenium.remote.service.DriverCommandExecutor.invokeExecute(DriverCommandExecutor.java:183)
	at org.openqa.selenium.remote.service.DriverCommandExecutor.execute(DriverCommandExecutor.java:158)
	at org.openqa.selenium.remote.RemoteWebDriver.execute(RemoteWebDriver.java:543)
	at org.openqa.selenium.remote.RemoteWebElement.execute(RemoteWebElement.java:257)
	at org.openqa.selenium.remote.RemoteWebElement.click(RemoteWebElement.java:78)
	at org.openqa.selenium.support.pagefactory.internal.LocatingElementHandler.invoke(LocatingElementHandler.java:52)
	at jdk.proxy2/jdk.proxy2.$Proxy35.click(Unknown Source)
	at com.indiaKababReno.pages.menuPage.clickOnProceedToCheckOutButton(menuPage.java:51)
	at com.indiaKababReno.tests.paymentTest.verifyPaymentMethod(paymentTest.java:41)
	at java.base/java.util.ArrayList.forEach(ArrayList.java:1511)
... Removed 36 stack frames</div></td></tr></table><p class="totop"><a href="#summary">back to summary</a></p>
<h3 id="m8">com.indiaKababReno.tests.paymentTest#verifyPaymentMethod</h3><table class="result"><tr class="param"><th>Parameter #1</th><th>Parameter #2</th><th>Parameter #3</th><th>Parameter #4</th><th>Parameter #5</th><th>Parameter #6</th></tr><tr class="param stripe"><td>Mike Johnson</td><td>mikejohnson@example.com</td><td>5554443333</td><td>378282246310005</td><td>09/22</td><td>789</td></tr><tr><th colspan="6">Exception</th></tr><tr><td colspan="6"><div class="stacktrace">java.lang.AssertionError: expected [https://indiakababreno.com/payment] but found [https://indiakababreno.com/menu]
	at com.indiaKababReno.tests.paymentTest.verifyPaymentMethod(paymentTest.java:51)
	at java.base/java.util.ArrayList.forEach(ArrayList.java:1511)
... Removed 33 stack frames</div></td></tr></table><p class="totop"><a href="#summary">back to summary</a></p>
<h3 id="m9">com.indiaKababReno.tests.registrationPageTest#verifyRegistrationPage</h3><table class="result"><tr class="param"><th>Parameter #1</th><th>Parameter #2</th><th>Parameter #3</th><th>Parameter #4</th><th>Parameter #5</th><th>Parameter #6</th></tr><tr class="param stripe"><td>invalidFormat</td><td>Test</td><td>a@example.com</td><td>9999999999</td><td>Test@123</td><td></td></tr><tr><th colspan="6">Exception</th></tr><tr><td colspan="6"><div class="stacktrace">java.lang.ClassCastException: class jdk.proxy2.$Proxy35 cannot be cast to class org.openqa.selenium.By (jdk.proxy2.$Proxy35 is in module jdk.proxy2 of loader &apos;app&apos;; org.openqa.selenium.By is in unnamed module of loader &apos;app&apos;)
	at com.indiaKababReno.library.WaitUtils.waitForElementToBeVisible(WaitUtils.java:16)
	at com.indiaKababReno.pages.registrationPage.emailErrorMsgIsDisplayed(registrationPage.java:61)
	at com.indiaKababReno.tests.registrationPageTest.verifyRegistrationPage(registrationPageTest.java:74)
	at java.base/java.util.ArrayList.forEach(ArrayList.java:1511)
... Removed 27 stack frames</div></td></tr></table><p class="totop"><a href="#summary">back to summary</a></p>
<h3 id="m10">com.indiaKababReno.tests.registrationPageTest#verifyRegistrationPage</h3><table class="result"><tr class="param"><th>Parameter #1</th><th>Parameter #2</th><th>Parameter #3</th><th>Parameter #4</th><th>Parameter #5</th><th>Parameter #6</th></tr><tr class="param stripe"><td>invalidEmail</td><td>John Doe</td><td>invalid-email-format</td><td>1234567890</td><td>test@123</td><td></td></tr><tr><th colspan="6">Exception</th></tr><tr><td colspan="6"><div class="stacktrace">java.lang.ClassCastException: class jdk.proxy2.$Proxy35 cannot be cast to class org.openqa.selenium.By (jdk.proxy2.$Proxy35 is in module jdk.proxy2 of loader &apos;app&apos;; org.openqa.selenium.By is in unnamed module of loader &apos;app&apos;)
	at com.indiaKababReno.library.WaitUtils.waitForElementToBeVisible(WaitUtils.java:16)
	at com.indiaKababReno.pages.registrationPage.emailErrorMsgIsDisplayed(registrationPage.java:61)
	at com.indiaKababReno.tests.registrationPageTest.verifyRegistrationPage(registrationPageTest.java:52)
	at java.base/java.util.ArrayList.forEach(ArrayList.java:1511)
... Removed 27 stack frames</div></td></tr></table><p class="totop"><a href="#summary">back to summary</a></p>
<h3 id="m11">com.indiaKababReno.tests.registrationPageTest#verifyRegistrationPage</h3><table class="result"><tr class="param"><th>Parameter #1</th><th>Parameter #2</th><th>Parameter #3</th><th>Parameter #4</th><th>Parameter #5</th><th>Parameter #6</th></tr><tr class="param stripe"><td>invalidNumber</td><td>John Doe</td><td>johndoe@example.com</td><td>invalid-contact-number</td><td>test@123</td><td></td></tr><tr><th colspan="6">Exception</th></tr><tr><td colspan="6"><div class="stacktrace">java.lang.ClassCastException: class jdk.proxy2.$Proxy35 cannot be cast to class org.openqa.selenium.By (jdk.proxy2.$Proxy35 is in module jdk.proxy2 of loader &apos;app&apos;; org.openqa.selenium.By is in unnamed module of loader &apos;app&apos;)
	at com.indiaKababReno.library.WaitUtils.waitForElementToBeVisible(WaitUtils.java:16)
	at com.indiaKababReno.pages.registrationPage.contactNumErrorMsgIsDisplayed(registrationPage.java:66)
	at com.indiaKababReno.tests.registrationPageTest.verifyRegistrationPage(registrationPageTest.java:57)
	at java.base/java.util.ArrayList.forEach(ArrayList.java:1511)
... Removed 27 stack frames</div></td></tr></table><p class="totop"><a href="#summary">back to summary</a></p>
<h3 id="m12">com.indiaKababReno.tests.registrationPageTest#verifyRegistrationPage</h3><table class="result"><tr class="param"><th>Parameter #1</th><th>Parameter #2</th><th>Parameter #3</th><th>Parameter #4</th><th>Parameter #5</th><th>Parameter #6</th></tr><tr class="param stripe"><td>valid</td><td>John Doe</td><td>johndoe@example.com</td><td>1234567890</td><td>test@123</td><td>https://indiakababreno.com/userdashboard</td></tr><tr><th colspan="6">Exception</th></tr><tr><td colspan="6"><div class="stacktrace">java.lang.AssertionError: expected [https://indiakababreno.com/userdashboard] but found [https://indiakababreno.com/register]
	at com.indiaKababReno.tests.registrationPageTest.verifyRegistrationPage(registrationPageTest.java:48)
	at java.base/java.util.ArrayList.forEach(ArrayList.java:1511)
... Removed 33 stack frames</div></td></tr></table><p class="totop"><a href="#summary">back to summary</a></p>
<h3 id="m13">com.indiaKababReno.tests.registrationPageTest#verifyRegistrationPage</h3><table class="result"><tr class="param"><th>Parameter #1</th><th>Parameter #2</th><th>Parameter #3</th><th>Parameter #4</th><th>Parameter #5</th><th>Parameter #6</th></tr><tr class="param stripe"><td>existingCredentials</td><td>John Doe</td><td>existing-email@example.com</td><td>1234567890</td><td>test@123</td><td>https://indiakababreno.com/userdashboard</td></tr><tr><th colspan="6">Exception</th></tr><tr><td colspan="6"><div class="stacktrace">java.lang.AssertionError: expected [https://indiakababreno.com/userdashboard] but found [https://indiakababreno.com/register]
	at com.indiaKababReno.tests.registrationPageTest.verifyRegistrationPage(registrationPageTest.java:70)
	at java.base/java.util.ArrayList.forEach(ArrayList.java:1511)
... Removed 33 stack frames</div></td></tr></table><p class="totop"><a href="#summary">back to summary</a></p>
<h3 id="m14">com.indiaKababReno.tests.registrationPageTest#verifyRegistrationPage</h3><table class="result"><tr class="param"><th>Parameter #1</th><th>Parameter #2</th><th>Parameter #3</th><th>Parameter #4</th><th>Parameter #5</th><th>Parameter #6</th></tr><tr class="param stripe"><td>noContactNum</td><td>Test</td><td> test@example.com</td><td> </td><td>PasswordWithOnlyDigits123</td><td></td></tr><tr><th colspan="6">Exception</th></tr><tr><td colspan="6"><div class="stacktrace">java.lang.ClassCastException: class jdk.proxy2.$Proxy35 cannot be cast to class org.openqa.selenium.By (jdk.proxy2.$Proxy35 is in module jdk.proxy2 of loader &apos;app&apos;; org.openqa.selenium.By is in unnamed module of loader &apos;app&apos;)
	at com.indiaKababReno.library.WaitUtils.waitForElementToBeVisible(WaitUtils.java:16)
	at com.indiaKababReno.pages.registrationPage.contactNumErrorMsgIsDisplayed(registrationPage.java:66)
	at com.indiaKababReno.tests.registrationPageTest.verifyRegistrationPage(registrationPageTest.java:91)
	at java.base/java.util.ArrayList.forEach(ArrayList.java:1511)
... Removed 27 stack frames</div></td></tr></table><p class="totop"><a href="#summary">back to summary</a></p>
<h3 id="m15">com.indiaKababReno.tests.registrationPageTest#verifyRegistrationPage</h3><table class="result"><tr class="param"><th>Parameter #1</th><th>Parameter #2</th><th>Parameter #3</th><th>Parameter #4</th><th>Parameter #5</th><th>Parameter #6</th></tr><tr class="param stripe"><td>shortPassword</td><td>John Doe</td><td>johndoe@example.com</td><td>1234567890</td><td>weak</td><td></td></tr><tr><th colspan="6">Exception</th></tr><tr><td colspan="6"><div class="stacktrace">java.lang.ClassCastException: class jdk.proxy2.$Proxy35 cannot be cast to class org.openqa.selenium.By (jdk.proxy2.$Proxy35 is in module jdk.proxy2 of loader &apos;app&apos;; org.openqa.selenium.By is in unnamed module of loader &apos;app&apos;)
	at com.indiaKababReno.library.WaitUtils.waitForElementToBeVisible(WaitUtils.java:16)
	at com.indiaKababReno.pages.registrationPage.passwordErrorMsgIsDisplayed(registrationPage.java:71)
	at com.indiaKababReno.tests.registrationPageTest.verifyRegistrationPage(registrationPageTest.java:63)
	at java.base/java.util.ArrayList.forEach(ArrayList.java:1511)
... Removed 27 stack frames</div></td></tr></table><p class="totop"><a href="#summary">back to summary</a></p>
<h3 id="m16">com.indiaKababReno.tests.registrationPageTest#verifyRegistrationPage</h3><table class="result"><tr class="param"><th>Parameter #1</th><th>Parameter #2</th><th>Parameter #3</th><th>Parameter #4</th><th>Parameter #5</th><th>Parameter #6</th></tr><tr class="param stripe"><td>invalidEmailPasswordContactFormat</td><td>VeryLongFullNameThatExceedsMaximumLengthAllowed</td><td>emailwithoutdomain</td><td>weak</td><td>PasswordWithoutDigitsAndSpecialCharacters</td><td></td></tr><tr><th colspan="6">Exception</th></tr><tr><td colspan="6"><div class="stacktrace">java.lang.ClassCastException: class jdk.proxy2.$Proxy35 cannot be cast to class org.openqa.selenium.By (jdk.proxy2.$Proxy35 is in module jdk.proxy2 of loader &apos;app&apos;; org.openqa.selenium.By is in unnamed module of loader &apos;app&apos;)
	at com.indiaKababReno.library.WaitUtils.waitForElementToBeVisible(WaitUtils.java:16)
	at com.indiaKababReno.pages.registrationPage.emailErrorMsgIsDisplayed(registrationPage.java:61)
	at com.indiaKababReno.tests.registrationPageTest.verifyRegistrationPage(registrationPageTest.java:97)
	at java.base/java.util.ArrayList.forEach(ArrayList.java:1511)
... Removed 27 stack frames</div></td></tr></table><p class="totop"><a href="#summary">back to summary</a></p>
<h3 id="m17">com.indiaKababReno.tests.registrationPageTest#verifyRegistrationPage</h3><table class="result"><tr class="param"><th>Parameter #1</th><th>Parameter #2</th><th>Parameter #3</th><th>Parameter #4</th><th>Parameter #5</th><th>Parameter #6</th></tr><tr class="param stripe"><td>longCredentials</td><td>VeryLongFullNameThatDoesNotExceedMaximumLengthAllowed</td><td>emailwithaverylongnameandlotsofcharactersandnumbersthatexceedsthemaximumlengthallowed@example.com</td><td>1234567890</td><td>VeryLongPasswordThatExceedsMaximumLengthAllowed123!@#$%^&amp;*()</td><td>https://indiakababreno.com/userdashboard</td></tr><tr><th colspan="6">Exception</th></tr><tr><td colspan="6"><div class="stacktrace">java.lang.AssertionError: expected [https://indiakababreno.com/userdashboard] but found [https://indiakababreno.com/register]
	at com.indiaKababReno.tests.registrationPageTest.verifyRegistrationPage(registrationPageTest.java:86)
	at java.base/java.util.ArrayList.forEach(ArrayList.java:1511)
... Removed 33 stack frames</div></td></tr></table><p class="totop"><a href="#summary">back to summary</a></p>
<h3 id="m18">com.indiaKababReno.tests.sanityLinkTests#testLinkValidation</h3><table class="result"><tr><th>Exception</th></tr><tr><td><div class="stacktrace">java.lang.AssertionError: Broken link found: tel:775-348-6222 expected [200] but found [0]
	at com.indiaKababReno.tests.sanityLinkTests.testLinkValidation(sanityLinkTests.java:45)
	at java.base/java.util.ArrayList.forEach(ArrayList.java:1511)
... Removed 32 stack frames</div></td></tr></table><p class="totop"><a href="#summary">back to summary</a></p>
<h3 id="m19">com.indiaKababReno.tests.homePageTest#verifyHeaderIconsSection</h3><table class="result"><tr><th class="invisible"/></tr></table><p class="totop"><a href="#summary">back to summary</a></p>
<h3 id="m20">com.indiaKababReno.tests.homePageTest#verifySendButton</h3><table class="result"><tr><th class="invisible"/></tr></table><p class="totop"><a href="#summary">back to summary</a></p>
<h3 id="m21">com.indiaKababReno.tests.menuPageTest#veriFyProductSizeOfEachMenu</h3><table class="result"><tr class="param"><th>Parameter #1</th><th>Parameter #2</th></tr><tr class="param stripe"><td>Tandoori Specialities</td><td>9</td></tr></table><p class="totop"><a href="#summary">back to summary</a></p>
<h3 id="m22">com.indiaKababReno.tests.menuPageTest#veriFyProductSizeOfEachMenu</h3><table class="result"><tr class="param"><th>Parameter #1</th><th>Parameter #2</th></tr><tr class="param stripe"><td>Chicken</td><td>15</td></tr></table><p class="totop"><a href="#summary">back to summary</a></p>
<h3 id="m23">com.indiaKababReno.tests.menuPageTest#veriFyProductSizeOfEachMenu</h3><table class="result"><tr class="param"><th>Parameter #1</th><th>Parameter #2</th></tr><tr class="param stripe"><td>Side Dishes</td><td>9</td></tr></table><p class="totop"><a href="#summary">back to summary</a></p>
<h3 id="m24">com.indiaKababReno.tests.menuPageTest#veriFyProductSizeOfEachMenu</h3><table class="result"><tr class="param"><th>Parameter #1</th><th>Parameter #2</th></tr><tr class="param stripe"><td>Soups And Salads</td><td>6</td></tr></table><p class="totop"><a href="#summary">back to summary</a></p>
<h3 id="m25">com.indiaKababReno.tests.menuPageTest#veriFyProductSizeOfEachMenu</h3><table class="result"><tr class="param"><th>Parameter #1</th><th>Parameter #2</th></tr><tr class="param stripe"><td>Fresh Baked Indian Breads</td><td>19</td></tr></table><p class="totop"><a href="#summary">back to summary</a></p>
<h3 id="m26">com.indiaKababReno.tests.menuPageTest#veriFyProductSizeOfEachMenu</h3><table class="result"><tr class="param"><th>Parameter #1</th><th>Parameter #2</th></tr><tr class="param stripe"><td>Seafood</td><td>11</td></tr></table><p class="totop"><a href="#summary">back to summary</a></p>
<h3 id="m27">com.indiaKababReno.tests.menuPageTest#veriFyProductSizeOfEachMenu</h3><table class="result"><tr class="param"><th>Parameter #1</th><th>Parameter #2</th></tr><tr class="param stripe"><td>Dinner for One and Two</td><td>4</td></tr></table><p class="totop"><a href="#summary">back to summary</a></p>
<h3 id="m28">com.indiaKababReno.tests.menuPageTest#veriFyProductSizeOfEachMenu</h3><table class="result"><tr class="param"><th>Parameter #1</th><th>Parameter #2</th></tr><tr class="param stripe"><td>Cold Appetizers</td><td>4</td></tr></table><p class="totop"><a href="#summary">back to summary</a></p>
<h3 id="m29">com.indiaKababReno.tests.menuPageTest#veriFyProductSizeOfEachMenu</h3><table class="result"><tr class="param"><th>Parameter #1</th><th>Parameter #2</th></tr><tr class="param stripe"><td>Regional Dishes</td><td>4</td></tr></table><p class="totop"><a href="#summary">back to summary</a></p>
<h3 id="m30">com.indiaKababReno.tests.menuPageTest#veriFyProductSizeOfEachMenu</h3><table class="result"><tr class="param"><th>Parameter #1</th><th>Parameter #2</th></tr><tr class="param stripe"><td>Beef</td><td>6</td></tr></table><p class="totop"><a href="#summary">back to summary</a></p>
<h3 id="m31">com.indiaKababReno.tests.menuPageTest#veriFyProductSizeOfEachMenu</h3><table class="result"><tr class="param"><th>Parameter #1</th><th>Parameter #2</th></tr><tr class="param stripe"><td>Rice Specialities</td><td>6</td></tr></table><p class="totop"><a href="#summary">back to summary</a></p>
<h3 id="m32">com.indiaKababReno.tests.menuPageTest#veriFyProductSizeOfEachMenu</h3><table class="result"><tr class="param"><th>Parameter #1</th><th>Parameter #2</th></tr><tr class="param stripe"><td>Vegetarian</td><td>21</td></tr></table><p class="totop"><a href="#summary">back to summary</a></p>
<h3 id="m33">com.indiaKababReno.tests.menuPageTest#veriFyProductSizeOfEachMenu</h3><table class="result"><tr class="param"><th>Parameter #1</th><th>Parameter #2</th></tr><tr class="param stripe"><td>Desserts</td><td>7</td></tr></table><p class="totop"><a href="#summary">back to summary</a></p>
<h3 id="m34">com.indiaKababReno.tests.menuPageTest#veriFyProductSizeOfEachMenu</h3><table class="result"><tr class="param"><th>Parameter #1</th><th>Parameter #2</th></tr><tr class="param stripe"><td>Dosas</td><td>6</td></tr></table><p class="totop"><a href="#summary">back to summary</a></p>
<h3 id="m35">com.indiaKababReno.tests.menuPageTest#veriFyProductSizeOfEachMenu</h3><table class="result"><tr class="param"><th>Parameter #1</th><th>Parameter #2</th></tr><tr class="param stripe"><td>House Drinks</td><td>8</td></tr></table><p class="totop"><a href="#summary">back to summary</a></p>
<h3 id="m36">com.indiaKababReno.tests.menuPageTest#veriFyProductSizeOfEachMenu</h3><table class="result"><tr class="param"><th>Parameter #1</th><th>Parameter #2</th></tr><tr class="param stripe"><td>Hot Appetizers</td><td>10</td></tr></table><p class="totop"><a href="#summary">back to summary</a></p>
<h3 id="m37">com.indiaKababReno.tests.menuPageTest#veriFyProductSizeOfEachMenu</h3><table class="result"><tr class="param"><th>Parameter #1</th><th>Parameter #2</th></tr><tr class="param stripe"><td>Lamb</td><td>8</td></tr></table><p class="totop"><a href="#summary">back to summary</a></p>
</body>
</html>
