<?xml version="1.0" encoding="UTF-8"?>
<!-- Generated by org.testng.reporters.JUnitReportReporter -->
<testsuite hostname="FANTA" failures="0" tests="19" name="com.indiaKababReno.tests.menuPageTest" time="-1685701504.000" errors="1" timestamp="2023-06-02T15:56:08 IST" skipped="1">
  <testcase classname="com.indiaKababReno.tests.menuPageTest" name="veriFyProductSizeOfEachMenu" time="1.771"/>
  <system-out/>
  <testcase classname="com.indiaKababReno.tests.menuPageTest" name="veriFyProductSizeOfEachMenu" time="1.892"/>
  <system-out/>
  <testcase classname="com.indiaKababReno.tests.menuPageTest" name="veriFyProductSizeOfEachMenu" time="1.795"/>
  <system-out/>
  <testcase classname="com.indiaKababReno.tests.menuPageTest" name="veriFyProductSizeOfEachMenu" time="1.893"/>
  <system-out/>
  <testcase classname="com.indiaKababReno.tests.menuPageTest" name="veriFyProductSizeOfEachMenu" time="1.774"/>
  <system-out/>
  <testcase classname="com.indiaKababReno.tests.menuPageTest" name="veriFyProductSizeOfEachMenu" time="2.044"/>
  <system-out/>
  <testcase classname="com.indiaKababReno.tests.menuPageTest" name="veriFyProductSizeOfEachMenu" time="1.951"/>
  <system-out/>
  <testcase classname="com.indiaKababReno.tests.menuPageTest" name="veriFyProductSizeOfEachMenu" time="2.021"/>
  <system-out/>
  <testcase classname="com.indiaKababReno.tests.menuPageTest" name="tearDown" time="-1685701504.000">
    <error message="
Can inject only one of &lt;ITestContext, XmlTest&gt; into a @AfterClass annotated tearDown.
For more information on native dependency injection please refer to https://testng.org/doc/documentation-main.html#native-dependency-injection" type="org.testng.TestNGException">
      <![CDATA[org.testng.TestNGException: 
Can inject only one of <ITestContext, XmlTest> into a @AfterClass annotated tearDown.
For more information on native dependency injection please refer to https://testng.org/doc/documentation-main.html#native-dependency-injection
at org.testng.internal.Parameters.checkParameterTypes(Parameters.java:439)
at org.testng.internal.Parameters.createParametersForMethod(Parameters.java:353)
at org.testng.internal.Parameters.createParameters(Parameters.java:708)
at org.testng.internal.Parameters.createConfigurationParameters(Parameters.java:168)
at org.testng.internal.ConfigInvoker.invokeConfigurations(ConfigInvoker.java:302)
at org.testng.internal.TestMethodWorker.invokeAfterClassMethods(TestMethodWorker.java:217)
at org.testng.internal.TestMethodWorker.run(TestMethodWorker.java:130)
at java.base/java.util.ArrayList.forEach(ArrayList.java:1511)
at org.testng.TestRunner.privateRun(TestRunner.java:794)
at org.testng.TestRunner.run(TestRunner.java:596)
at org.testng.SuiteRunner.runTest(SuiteRunner.java:377)
at org.testng.SuiteRunner.runSequentially(SuiteRunner.java:371)
at org.testng.SuiteRunner.privateRun(SuiteRunner.java:332)
at org.testng.SuiteRunner.run(SuiteRunner.java:276)
at org.testng.SuiteRunnerWorker.runSuite(SuiteRunnerWorker.java:53)
at org.testng.SuiteRunnerWorker.run(SuiteRunnerWorker.java:96)
at org.testng.TestNG.runSuitesSequentially(TestNG.java:1212)
at org.testng.TestNG.runSuitesLocally(TestNG.java:1134)
at org.testng.TestNG.runSuites(TestNG.java:1063)
at org.testng.TestNG.run(TestNG.java:1031)
at org.testng.remote.AbstractRemoteTestNG.run(AbstractRemoteTestNG.java:115)
at org.testng.remote.RemoteTestNG.initAndRun(RemoteTestNG.java:251)
at org.testng.remote.RemoteTestNG.main(RemoteTestNG.java:77)
]]>
    </error>
  </testcase> <!-- tearDown -->
  <system-out/>
  <testcase classname="com.indiaKababReno.tests.menuPageTest" name="veriFyProductSizeOfEachMenu" time="5.263"/>
  <system-out/>
  <testcase classname="com.indiaKababReno.tests.menuPageTest" name="veriFyProductSizeOfEachMenu" time="1.924"/>
  <system-out/>
  <testcase classname="com.indiaKababReno.tests.menuPageTest" name="veriFyProductSizeOfEachMenu" time="2.267"/>
  <system-out/>
  <testcase classname="com.indiaKababReno.tests.menuPageTest" name="veriFyProductSizeOfEachMenu" time="1.813"/>
  <system-out/>
  <testcase classname="com.indiaKababReno.tests.menuPageTest" name="veriFyProductSizeOfEachMenu" time="1.853"/>
  <system-out/>
  <testcase classname="com.indiaKababReno.tests.menuPageTest" name="veriFyProductSizeOfEachMenu" time="1.794"/>
  <system-out/>
  <testcase classname="com.indiaKababReno.tests.menuPageTest" name="veriFyProductSizeOfEachMenu" time="1.967"/>
  <system-out/>
  <testcase classname="com.indiaKababReno.tests.menuPageTest" name="veriFyProductSizeOfEachMenu" time="1.969"/>
  <system-out/>
  <testcase classname="com.indiaKababReno.tests.menuPageTest" name="veriFyProductSizeOfEachMenu" time="0.826"/>
  <system-out/>
  <testcase classname="com.indiaKababReno.tests.menuPageTest" name="verifyMenuTabs">
    <skipped/>
  </testcase> <!-- verifyMenuTabs -->
  <system-out/>
</testsuite> <!-- com.indiaKababReno.tests.menuPageTest -->
